<?xml version="1.0" encoding="UTF-8"?>
<testng-results skipped="0" failed="0" ignored="0" total="1" passed="1">
  <reporter-output>
  </reporter-output>
  <suite name="Default suite" duration-ms="42528" started-at="2019-11-28T10:05:25Z" finished-at="2019-11-28T10:06:07Z">
    <groups>
    </groups>
    <test name="Default test" duration-ms="42528" started-at="2019-11-28T10:05:25Z" finished-at="2019-11-28T10:06:07Z">
      <class name="io.learning.testcaseexecution.Login">
        <test-method status="PASS" signature="ChromeLogin()[pri:0, instance:io.learning.testcaseexecution.Login@523884b2]" name="ChromeLogin" duration-ms="42443" started-at="2019-11-28T10:05:25Z" finished-at="2019-11-28T10:06:07Z">
          <reporter-output>
          </reporter-output>
        </test-method> <!-- ChromeLogin -->
      </class> <!-- io.learning.testcaseexecution.Login -->
    </test> <!-- Default test -->
  </suite> <!-- Default suite -->
</testng-results>
